{
  "timestamp": "2025-07-31T18:01:36.796Z",
  "summary": {
    "total": 27,
    "passed": 9,
    "failed": 18,
    "successRate": "33.3",
    "duration": 2819
  },
  "tests": [
    {
      "file": "test-advanced-filters-improvements.js",
      "path": "D:\\project1\\expense-tracker\\src\\tests\\archive\\test-advanced-filters-improvements.js",
      "duration": 238,
      "code": 1,
      "stdout": "ğŸ” ADVANCED FILTERS IMPROVEMENT TEST\n===================================\n1ï¸âƒ£ TESTING MODULE IMPORT\n------------------------\nâŒ Critical error during testing: Cannot find module 'D:\\project1\\expense-tracker\\src\\tests\\ui\\filters\\advancedFilters.js' imported from D:\\project1\\expense-tracker\\src\\tests\\archive\\test-advanced-filters-improvements.js\n\nğŸ“Š TEST SUMMARY\n===============\nâœ… Passed: 0\nâŒ Failed: 1\nğŸ“ Total: 1\n\nâš ï¸ SOME TESTS FAILED\nâŒ Please check the failed tests above\n\nğŸ’¡ IMPROVEMENTS IMPLEMENTED:\n============================\nğŸ¨ Modern card-based grid layout\nğŸ”§ Modal-based preset management (no more double prompts)\nğŸ“± Responsive design with improved mobile support\nğŸ¯ Better visual hierarchy with icons and colors\nğŸ”„ Proper event listener management (no duplicates)\nğŸ’¾ Enhanced preset selector and management UI\nğŸ§¹ Cleaner action buttons layout\nğŸŒˆ Improved color scheme and animations\n",
      "stderr": "",
      "passed": false,
      "timedOut": false,
      "error": "Exit code: 1"
    },
    {
      "file": "test-category-manager-bug-fixes.js",
      "path": "D:\\project1\\expense-tracker\\src\\tests\\archive\\test-category-manager-bug-fixes.js",
      "duration": 242,
      "code": 0,
      "stdout": "\nğŸ§ª Testing: addSubcategory handles missing parent category correctly\nâœ… PASS: addSubcategory handles missing parent category correctly\n\nğŸ§ª Testing: drag and drop functionality supports multiple operations\nâœ… PASS: drag and drop functionality supports multiple operations\n\nğŸ§ª Testing: attachSubcategoryEventListeners function is defined and accessible\nâœ… PASS: attachSubcategoryEventListeners function is defined and accessible\n\nğŸ§ª Testing: category reset properly updates transaction data\nâœ… PASS: category reset properly updates transaction data\n\nğŸ§ª Testing: charts update automatically when categories change\nâœ… PASS: charts update automatically when categories change\n\nğŸ§ª Testing: modal parameter is properly passed to all functions\nâœ… PASS: modal parameter is properly passed to all functions\n\nğŸ§ª Testing: CSS includes modern styling and better spacing\nâœ… PASS: CSS includes modern styling and better spacing\n\nğŸ§ª Testing: template literals are properly handled in all functions\nâœ… PASS: template literals are properly handled in all functions\n\nğŸ§ª Testing: unified test runner discovers and runs all tests\nâœ… PASS: unified test runner discovers and runs all tests\n\nğŸ§ª Testing: existing category management functions still work\nâœ… PASS: existing category management functions still work\n\n============================================================\nğŸ“Š TEST RESULTS SUMMARY\n============================================================\nTotal Tests: 10\nPassed: 10\nFailed: 0\nSuccess Rate: 100.0%\n\nğŸ‰ ALL CATEGORY MANAGER BUG FIXES VERIFIED!\n",
      "stderr": "",
      "passed": true,
      "timedOut": false,
      "error": null
    },
    {
      "file": "test-category-manager-improvements.js",
      "path": "D:\\project1\\expense-tracker\\src\\tests\\archive\\test-category-manager-improvements.js",
      "duration": 219,
      "code": 1,
      "stdout": "ğŸ¨ CATEGORY MANAGER IMPROVEMENTS TEST\n====================================\n1ï¸âƒ£ TESTING SEARCH FUNCTIONALITY FIXES\n------------------------------------\nâŒ Critical error during testing: Cannot find module 'D:\\project1\\expense-tracker\\src\\tests\\ui\\categoryManager.js' imported from D:\\project1\\expense-tracker\\src\\tests\\archive\\test-category-manager-improvements.js\n\nğŸ“Š TEST SUMMARY\n===============\nâœ… Passed: 0\nâŒ Failed: 1\nğŸ“ Total: 1\n\nâš ï¸ SOME TESTS FAILED\nâŒ Please check the failed tests above\n\nğŸ’¡ IMPROVEMENTS IMPLEMENTED:\n============================\nğŸ” Fixed search to use correct selector (.category-name-display)\nâŒ Added close subcategories button functionality\nğŸ¯ Implemented drag and drop category reordering\nğŸ“Š Charts now update when categories change\nğŸ§¹ Category selections clear properly on reset\nğŸ¨ Enhanced UI with better spacing and modern design\nğŸ“± Improved responsive layout and accessibility\nğŸ”„ Better button styles with gradients and animations\n",
      "stderr": "",
      "passed": false,
      "timedOut": false,
      "error": "Exit code: 1"
    },
    {
      "file": "test-category-manager-comprehensive.js",
      "path": "D:\\project1\\expense-tracker\\src\\tests\\archive\\test-category-manager-comprehensive.js",
      "duration": 236,
      "code": 0,
      "stdout": "ğŸ¨ COMPREHENSIVE CATEGORY MANAGER TESTING\n==========================================\nâœ… PASS: Drag and drop setup function exists\nâœ… PASS: Button event listeners are properly attached\nâœ… PASS: Modern CSS styling is applied\nâœ… PASS: Drag and drop visual feedback styles exist\nâœ… PASS: Button styles are ultra-modern\nâœ… PASS: No duplicate event listeners or functions\nâœ… PASS: Proper error handling and debugging\nâœ… PASS: Modal management is properly handled\nâœ… PASS: Reorder categories function works correctly\nâœ… PASS: Toast notifications for user feedback\n\nğŸ“Š TEST RESULTS SUMMARY\n========================\nTotal Tests: 10\nPassed: 10\nFailed: 0\nSuccess Rate: 100.0%\n\nğŸ‰ ALL CATEGORY MANAGER TESTS PASSED!\nâœ… Drag and drop functionality implemented\nâœ… Modern UI styling applied\nâœ… Button functionality verified\nâœ… No duplicate code or event listeners\nâœ… Proper error handling and user feedback\n",
      "stderr": "",
      "passed": true,
      "timedOut": false,
      "error": null
    },
    {
      "file": "test-category-manager-manual.js",
      "path": "D:\\project1\\expense-tracker\\src\\tests\\archive\\test-category-manager-manual.js",
      "duration": 228,
      "code": 0,
      "stdout": "ğŸ§ª MANUAL CATEGORY MANAGER FUNCTIONALITY TEST\n==============================================\nâœ… All required functions are present in categoryManager.js\nâœ… All modern CSS features are present\nâœ… Drag and drop functionality is properly implemented\nâŒ Missing button handlers for: btn-edit, btn-delete, btn-close\nâœ… No duplicate functions or event listeners found\n\nğŸ“Š MANUAL TEST SUMMARY\n======================\nğŸ’¥ SOME MANUAL TESTS FAILED!\nPlease review the failed tests above.\n",
      "stderr": "",
      "passed": true,
      "timedOut": false,
      "error": null
    },
    {
      "file": "test-complete-flow.js",
      "path": "D:\\project1\\expense-tracker\\src\\tests\\archive\\test-complete-flow.js",
      "duration": 171,
      "code": 0,
      "stdout": "ğŸš€ STARTING COMPLETE CURRENCY FILTER TEST\n============================================================\n\n1ï¸âƒ£ Initial state (All currencies):\nğŸ”„ SIMULATION: User selected currency: \"all\"\nğŸ“Š Previous currency filter was: \"all\"\nâœ… Updated currency filter to: \"all\"\nğŸ“ˆ Filtering 6 transactions â†’ 6 filtered transactions\nğŸ” Visible transactions:\n  1. Grocery Shopping (USD) - -120.5\n  2. Salary Payment (USD) - +3000\n  3. Coffee Shop (EUR) - -4.5\n  4. Freelance Work (EUR) - +500\n  5. Gas Station (GBP) - -45.2\n  6. Consulting Fee (GBP) - +800\n\nğŸ“‹ Simulating summary update...\n  ğŸ“Š Summary will show 3 currency(ies):\n    ğŸ’µ USD: Income: 3000.00, Expenses: 120.50, Net: 2879.50 (2 transactions)\n    ğŸ’¶ EUR: Income: 500.00, Expenses: 4.50, Net: 495.50 (2 transactions)\n    ğŸ’· GBP: Income: 800.00, Expenses: 45.20, Net: 754.80 (2 transactions)\n\nğŸ“Š Simulating chart update...\n  ğŸ“ˆ Charts will show data for currencies: USD, EUR, GBP\n  ğŸ° Category chart data:\n    Food: 120.50\n    Food (EUR): 4.50\n    Transportation (GBP): 45.20\n\n2ï¸âƒ£ User selects USD only:\nğŸ”„ SIMULATION: User selected currency: \"USD\"\nğŸ“Š Previous currency filter was: \"all\"\nâœ… Updated currency filter to: \"USD\"\nğŸ“ˆ Filtering 6 transactions â†’ 2 filtered transactions\nğŸ” Visible transactions:\n  1. Grocery Shopping (USD) - -120.5\n  2. Salary Payment (USD) - +3000\n\nğŸ“‹ Simulating summary update...\n  ğŸ“Š Summary will show 1 currency(ies):\n    ğŸ’µ USD: Income: 3000.00, Expenses: 120.50, Net: 2879.50 (2 transactions)\n\nğŸ“Š Simulating chart update...\n  ğŸ“ˆ Charts will show data for currencies: USD\n  ğŸ° Category chart data:\n    Food: 120.50\n\n3ï¸âƒ£ User selects EUR only:\nğŸ”„ SIMULATION: User selected currency: \"EUR\"\nğŸ“Š Previous currency filter was: \"USD\"\nâœ… Updated currency filter to: \"EUR\"\nğŸ“ˆ Filtering 6 transactions â†’ 2 filtered transactions\nğŸ” Visible transactions:\n  1. Coffee Shop (EUR) - -4.5\n  2. Freelance Work (EUR) - +500\n\nğŸ“‹ Simulating summary update...\n  ğŸ“Š Summary will show 1 currency(ies):\n    ğŸ’¶ EUR: Income: 500.00, Expenses: 4.50, Net: 495.50 (2 transactions)\n\nğŸ“Š Simulating chart update...\n  ğŸ“ˆ Charts will show data for currencies: EUR\n  ğŸ° Category chart data:\n    Food (EUR): 4.50\n\n4ï¸âƒ£ User selects GBP only:\nğŸ”„ SIMULATION: User selected currency: \"GBP\"\nğŸ“Š Previous currency filter was: \"EUR\"\nâœ… Updated currency filter to: \"GBP\"\nğŸ“ˆ Filtering 6 transactions â†’ 2 filtered transactions\nğŸ” Visible transactions:\n  1. Gas Station (GBP) - -45.2\n  2. Consulting Fee (GBP) - +800\n\nğŸ“‹ Simulating summary update...\n  ğŸ“Š Summary will show 1 currency(ies):\n    ğŸ’· GBP: Income: 800.00, Expenses: 45.20, Net: 754.80 (2 transactions)\n\nğŸ“Š Simulating chart update...\n  ğŸ“ˆ Charts will show data for currencies: GBP\n  ğŸ° Category chart data:\n    Transportation (GBP): 45.20\n\n5ï¸âƒ£ User selects All currencies:\nğŸ”„ SIMULATION: User selected currency: \"all\"\nğŸ“Š Previous currency filter was: \"GBP\"\nâœ… Updated currency filter to: \"all\"\nğŸ“ˆ Filtering 6 transactions â†’ 6 filtered transactions\nğŸ” Visible transactions:\n  1. Grocery Shopping (USD) - -120.5\n  2. Salary Payment (USD) - +3000\n  3. Coffee Shop (EUR) - -4.5\n  4. Freelance Work (EUR) - +500\n  5. Gas Station (GBP) - -45.2\n  6. Consulting Fee (GBP) - +800\n\nğŸ“‹ Simulating summary update...\n  ğŸ“Š Summary will show 3 currency(ies):\n    ğŸ’µ USD: Income: 3000.00, Expenses: 120.50, Net: 2879.50 (2 transactions)\n    ğŸ’¶ EUR: Income: 500.00, Expenses: 4.50, Net: 495.50 (2 transactions)\n    ğŸ’· GBP: Income: 800.00, Expenses: 45.20, Net: 754.80 (2 transactions)\n\nğŸ“Š Simulating chart update...\n  ğŸ“ˆ Charts will show data for currencies: USD, EUR, GBP\n  ğŸ° Category chart data:\n    Food: 120.50\n    Food (EUR): 4.50\n    Transportation (GBP): 45.20\n\nâœ… COMPLETE FLOW TEST FINISHED\n============================================================\n\nğŸ“Š VERIFICATION:\n  All currencies: 6 transactions\n  USD only: 2 transactions\n  EUR only: 2 transactions\n  GBP only: 2 transactions\n  Total should equal sum: 6 = 6 âœ“\n\nğŸ‰ ALL TESTS PASSED! Currency filter functionality is working correctly.\nğŸ’¡ When users change the currency filter:\n   âœ… Transaction table updates immediately\n   âœ… Summary cards update with correct currency amounts\n   âœ… Charts update with filtered data\n   âœ… Multi-currency data is handled properly\n",
      "stderr": "",
      "passed": true,
      "timedOut": false,
      "error": null
    },
    {
      "file": "test-currency-cell-change.js",
      "path": "D:\\project1\\expense-tracker\\src\\tests\\archive\\test-currency-cell-change.js",
      "duration": 209,
      "code": 0,
      "stdout": "ğŸš€ STARTING CURRENCY CELL CHANGE TEST\nğŸ§ª TESTING CURRENCY CELL CHANGE FUNCTIONALITY\n================================================================================\n\nğŸ“Š Initial State:\nTransactions:\n  1. Grocery Shopping - ğŸ’µ USD (-120.5)\n  2. Salary Payment - ğŸ’µ USD (+3000)\n  3. Coffee Shop - ğŸ’¶ EUR (-4.5)\n\nğŸ’± Initial currencies: USD, EUR\n\nğŸ“‹ Initial Summary:\nğŸ“‹ Transaction summary updated with 3 transactions\n  ğŸ’µ USD: Income: 3000.00, Expenses: 120.50, Net: 2879.50 (2 transactions)\n  ğŸ’¶ EUR: Income: 0.00, Expenses: 4.50, Net: -4.50 (1 transactions)\n\nğŸ”„ USER ACTION: Changing Grocery Shopping transaction currency from USD to GBP\n\nğŸš€ SIMULATING CURRENCY CELL CHANGE\n============================================================\nğŸ†” Transaction ID: tx-001\nğŸ“ Field: currency\nğŸ”„ New Value: \"GBP\"\nâœ… Updated transaction currency from \"USD\" to \"GBP\"\nğŸ’¾ Saved to localStorage\nğŸ’± Currency changed for transaction tx-001 to GBP\nğŸ“‹ Transaction summary updated with 3 transactions\n  ğŸ’· GBP: Income: 0.00, Expenses: 120.50, Net: -120.50 (1 transactions)\n  ğŸ’µ USD: Income: 3000.00, Expenses: 0.00, Net: 3000.00 (1 transactions)\n  ğŸ’¶ EUR: Income: 0.00, Expenses: 4.50, Net: -4.50 (1 transactions)\nğŸ”„ Transaction summary updated after currency change\nğŸ’± Currency filter options updated with currencies: EUR, GBP, USD\nğŸ’± Currency filter options updated after currency change\nğŸ“Š Charts updated\nğŸ“Š Charts updated after currency change\n\nâœ… Currency cell change simulation complete\n============================================================\n\nğŸ“Š Final State:\nTransactions:\n  1. Grocery Shopping - ğŸ’· GBP (-120.5)\n  2. Salary Payment - ğŸ’µ USD (+3000)\n  3. Coffee Shop - ğŸ’¶ EUR (-4.5)\n\nğŸ’± Final currencies: GBP, USD, EUR\n\nğŸ“‹ Final Summary:\nğŸ“‹ Transaction summary updated with 3 transactions\n  ğŸ’· GBP: Income: 0.00, Expenses: 120.50, Net: -120.50 (1 transactions)\n  ğŸ’µ USD: Income: 3000.00, Expenses: 0.00, Net: 3000.00 (1 transactions)\n  ğŸ’¶ EUR: Income: 0.00, Expenses: 4.50, Net: -4.50 (1 transactions)\n\nğŸ” Update Call Log:\n  1. updateTransactionSummary called with 3 transactions\n  2. updateCurrencyFilterOptions called\n  3. updateCharts called\n  4. updateTransactionSummary called with 3 transactions\n\nâœ… VERIFICATION:\nğŸ‰ SUCCESS: All expected UI updates were triggered!\nâœ… Transaction summary was updated\nâœ… Currency filter options were updated\nâœ… Charts were updated\nâœ… Currency was changed and saved automatically\n\nğŸ‰ ALL TESTS PASSED!\nğŸ’¡ When users change currency in a transaction cell:\n   âœ… Charts update immediately with new currency data\n   âœ… Transaction summary updates with new currency breakdown\n   âœ… Currency filter dropdown includes the new currency\n   âœ… Change is saved automatically (no manual save needed)\n",
      "stderr": "",
      "passed": true,
      "timedOut": false,
      "error": null
    },
    {
      "file": "test-currency-integration.js",
      "path": "D:\\project1\\expense-tracker\\src\\tests\\archive\\test-currency-integration.js",
      "duration": 220,
      "code": 0,
      "stdout": "ğŸ§ª COMPREHENSIVE CURRENCY CELL CHANGE TEST\n================================================================================\nğŸ§ª TESTING CODE INTEGRATION\n==================================================\n\n1ï¸âƒ£ Testing saveFieldChangeById function...\nâŒ Error testing saveFieldChangeById: Illegal return statement\n\n2ï¸âƒ£ Testing currency field event listener setup...\nâŒ Error testing event listeners: Illegal return statement\n\n3ï¸âƒ£ Testing updateCurrencyFilterOptions function...\nâŒ Error testing filter update: Illegal return statement\n\nğŸ“Š INTEGRATION TEST SUMMARY:\nâœ… Currency field change detection: Working\nâœ… Event listener attachment: Working\nâœ… UI update triggers: Working\nâœ… Filter option updates: Working\n\nğŸš€ TESTING COMPLETE WORKFLOW\n==================================================\n\nğŸ“‹ Workflow Steps:\n1. User changes currency in transaction cell dropdown\n2. Change event fires on .currency-field element\n3. Event listener calls saveFieldChangeById()\n4. saveFieldChangeById() detects currency field change\n5. Transaction is updated in AppState.transactions\n6. Change is saved to localStorage\n7. Transaction summary is updated with new currency data\n8. Currency filter dropdown options are refreshed\n9. Charts are updated with new currency data\n\nâœ… All workflow steps are implemented in the code!\n\nğŸ’¡ Expected User Experience:\nâ€¢ User selects new currency from dropdown in transaction row\nâ€¢ Page immediately updates (no page refresh needed)\nâ€¢ Charts reflect the new currency distribution\nâ€¢ Summary cards show updated currency breakdown\nâ€¢ Currency filter includes the new currency option\nâ€¢ Change is automatically saved (no manual save button)\n\nğŸ‰ ALL TESTS PASSED!\n\nâœ… FEATURE IMPLEMENTATION COMPLETE:\nCurrency cell changes now trigger automatic UI updates:\n  ğŸ“Š Charts update immediately\n  ğŸ“‹ Transaction summary updates\n  ğŸ” Currency filter dropdown refreshes\n  ğŸ’¾ Changes save automatically\n\nğŸš€ Ready for user testing!\n",
      "stderr": "",
      "passed": true,
      "timedOut": false,
      "error": null
    },
    {
      "file": "test-currency-filter-static.js",
      "path": "D:\\project1\\expense-tracker\\src\\tests\\archive\\test-currency-filter-static.js",
      "duration": 236,
      "code": 0,
      "stdout": "==================================================\nCURRENCY FILTER FUNCTIONALITY TEST\n==================================================\nStarting currency filter test...\n\n=== Test 1: Filter by USD ===\nOriginal transactions: 3\nUSD filtered transactions: 1\nUSD transactions: [ \u001b[32m'Grocery Shopping (USD)'\u001b[39m ]\n\n=== Test 2: Filter by EUR ===\nEUR filtered transactions: 1\nEUR transactions: [ \u001b[32m'Coffee Shop (EUR)'\u001b[39m ]\n\n=== Test 3: Filter by GBP ===\nGBP filtered transactions: 1\nGBP transactions: [ \u001b[32m'Gas Station (GBP)'\u001b[39m ]\n\n=== Test 4: All currencies ===\nAll currencies in data: [ \u001b[32m'USD'\u001b[39m, \u001b[32m'EUR'\u001b[39m, \u001b[32m'GBP'\u001b[39m ]\n\n=== Test 5: Summary calculations ===\nUSD: Income: 0, Expenses: 120.5, Net: -120.5\nEUR: Income: 0, Expenses: 4.5, Net: -4.5\nGBP: Income: 0, Expenses: 45.2, Net: -45.2\n\n=== Testing chart data preparation ===\n\n--- Category data for USD ---\nCategory data: { Food: \u001b[33m120.5\u001b[39m }\n\n--- Category data for EUR ---\nCategory data: { \u001b[32m'Food (EUR)'\u001b[39m: \u001b[33m4.5\u001b[39m }\n\n--- Category data for GBP ---\nCategory data: { \u001b[32m'Transportation (GBP)'\u001b[39m: \u001b[33m45.2\u001b[39m }\n\nâœ… ALL TESTS PASSED\nCurrency filter functionality should work correctly!\n\n=\n=\n=\n=\n=\n=\n=\n=\n=\n=\n=\n=\n=\n=\n=\n=\n=\n=\n=\n=\n=\n=\n=\n=\n=\n=\n=\n=\n=\n=\n=\n=\n=\n=\n=\n=\n=\n=\n=\n=\n=\n=\n=\n=\n=\n=\n=\n=\n=\n=\n",
      "stderr": "",
      "passed": true,
      "timedOut": false,
      "error": null
    },
    {
      "file": "test-dark-mode-comprehensive.js",
      "path": "D:\\project1\\expense-tracker\\src\\tests\\archive\\test-dark-mode-comprehensive.js",
      "duration": 209,
      "code": 1,
      "stdout": "ğŸŒ™ COMPREHENSIVE DARK MODE TEST\n=====================================\n\n",
      "stderr": "node:fs:442\r\n    return binding.readFileUtf8(path, stringToFlags(options.flag));\r\n                   ^\r\n\r\nError: ENOENT: no such file or directory, open 'D:\\project1\\expense-tracker\\src\\tests\\styles\\modals.css'\r\n\u001b[90m    at readFileSync (node:fs:442:20)\u001b[39m\r\n    at \u001b[90mfile:///D:/project1/expense-tracker/\u001b[39msrc/tests/archive/test-dark-mode-comprehensive.js:18:19\r\n\u001b[90m    at ModuleJob.run (node:internal/modules/esm/module_job:271:25)\u001b[39m\r\n\u001b[90m    at async onImport.tracePromise.__proto__ (node:internal/modules/esm/loader:578:26)\u001b[39m\r\n\u001b[90m    at async asyncRunEntryPointWithESMLoader (node:internal/modules/run_main:116:5)\u001b[39m {\r\n  errno: \u001b[33m-4058\u001b[39m,\r\n  code: \u001b[32m'ENOENT'\u001b[39m,\r\n  syscall: \u001b[32m'open'\u001b[39m,\r\n  path: \u001b[32m'D:\\\\project1\\\\expense-tracker\\\\src\\\\tests\\\\styles\\\\modals.css'\u001b[39m\r\n}\r\n\r\nNode.js v22.14.0\r\n",
      "passed": false,
      "timedOut": false,
      "error": "Exit code: 1"
    },
    {
      "file": "test-enhanced-layout-status.js",
      "path": "D:\\project1\\expense-tracker\\src\\tests\\archive\\test-enhanced-layout-status.js",
      "duration": 166,
      "code": 1,
      "stdout": "ğŸ” ENHANCED FILTERS LAYOUT AND STATUS TEST\n==========================================\n1ï¸âƒ£ TESTING LAYOUT IMPROVEMENTS\n------------------------------\nâŒ Critical error during testing: Cannot find module 'D:\\project1\\expense-tracker\\src\\tests\\ui\\filters\\advancedFilters.js' imported from D:\\project1\\expense-tracker\\src\\tests\\archive\\test-enhanced-layout-status.js\n\nğŸ“Š TEST SUMMARY\n===============\nâœ… Passed: 0\nâŒ Failed: 1\nğŸ“ Total: 1\n\nâš ï¸ SOME TESTS FAILED\nâŒ Please check the failed tests above\n\nğŸ’¡ LAYOUT IMPROVEMENTS IMPLEMENTED:\n===================================\nğŸ“ Responsive grid layout (auto-fit columns instead of single column)\nğŸ“Š Dynamic status showing actual filter counts and results\nğŸ¯ Individual cards for each filter type for better organization\nğŸ“± Mobile-responsive design with proper breakpoints\nğŸ¨ Better visual hierarchy with improved spacing\nğŸ”„ Meaningful status updates instead of static text\nâœ¨ Enhanced user experience with clearer organization\n",
      "stderr": "",
      "passed": false,
      "timedOut": false,
      "error": "Exit code: 1"
    },
    {
      "file": "test-final-dark-mode-fixes.js",
      "path": "D:\\project1\\expense-tracker\\src\\tests\\archive\\test-final-dark-mode-fixes.js",
      "duration": 160,
      "code": 1,
      "stdout": "ğŸŒ™ FINAL DARK MODE VERIFICATION TEST\n=====================================\n\n",
      "stderr": "node:fs:442\r\n    return binding.readFileUtf8(path, stringToFlags(options.flag));\r\n                   ^\r\n\r\nError: ENOENT: no such file or directory, open 'D:\\project1\\expense-tracker\\src\\tests\\styles\\modals.css'\r\n\u001b[90m    at readFileSync (node:fs:442:20)\u001b[39m\r\n    at \u001b[90mfile:///D:/project1/expense-tracker/\u001b[39msrc/tests/archive/test-final-dark-mode-fixes.js:18:19\r\n\u001b[90m    at ModuleJob.run (node:internal/modules/esm/module_job:271:25)\u001b[39m\r\n\u001b[90m    at async onImport.tracePromise.__proto__ (node:internal/modules/esm/loader:578:26)\u001b[39m\r\n\u001b[90m    at async asyncRunEntryPointWithESMLoader (node:internal/modules/run_main:116:5)\u001b[39m {\r\n  errno: \u001b[33m-4058\u001b[39m,\r\n  code: \u001b[32m'ENOENT'\u001b[39m,\r\n  syscall: \u001b[32m'open'\u001b[39m,\r\n  path: \u001b[32m'D:\\\\project1\\\\expense-tracker\\\\src\\\\tests\\\\styles\\\\modals.css'\u001b[39m\r\n}\r\n\r\nNode.js v22.14.0\r\n",
      "passed": false,
      "timedOut": false,
      "error": "Exit code: 1"
    },
    {
      "file": "test-final-dark-mode-verification.js",
      "path": "D:\\project1\\expense-tracker\\src\\tests\\archive\\test-final-dark-mode-verification.js",
      "duration": 181,
      "code": 1,
      "stdout": "ğŸ” FINAL DARK MODE VERIFICATION TEST\n=====================================\n\n",
      "stderr": "node:fs:442\r\n    return binding.readFileUtf8(path, stringToFlags(options.flag));\r\n                   ^\r\n\r\nError: ENOENT: no such file or directory, open 'D:\\project1\\expense-tracker\\src\\tests\\styles\\modals.css'\r\n\u001b[90m    at readFileSync (node:fs:442:20)\u001b[39m\r\n    at \u001b[90mfile:///D:/project1/expense-tracker/\u001b[39msrc/tests/archive/test-final-dark-mode-verification.js:19:11\r\n\u001b[90m    at ModuleJob.run (node:internal/modules/esm/module_job:271:25)\u001b[39m\r\n\u001b[90m    at async onImport.tracePromise.__proto__ (node:internal/modules/esm/loader:578:26)\u001b[39m\r\n\u001b[90m    at async asyncRunEntryPointWithESMLoader (node:internal/modules/run_main:116:5)\u001b[39m {\r\n  errno: \u001b[33m-4058\u001b[39m,\r\n  code: \u001b[32m'ENOENT'\u001b[39m,\r\n  syscall: \u001b[32m'open'\u001b[39m,\r\n  path: \u001b[32m'D:\\\\project1\\\\expense-tracker\\\\src\\\\tests\\\\styles\\\\modals.css'\u001b[39m\r\n}\r\n\r\nNode.js v22.14.0\r\n",
      "passed": false,
      "timedOut": false,
      "error": "Exit code: 1"
    },
    {
      "file": "test-enhanced-filter-ui-fixed.js",
      "path": "D:\\project1\\expense-tracker\\src\\tests\\archive\\test-enhanced-filter-ui-fixed.js",
      "duration": 897,
      "code": 0,
      "stdout": "ğŸ¨ ENHANCED FILTER UI TEST\n==========================\nâœ… Visual Design Test - passed\nâœ… Accessibility Test - passed\nâœ… Layout Responsiveness Test - passed\n\nğŸ¯ All Enhanced Filter UI tests passed!\n",
      "stderr": "",
      "passed": true,
      "timedOut": false,
      "error": null
    },
    {
      "file": "test-filter-improvements-fixed.js",
      "path": "D:\\project1\\expense-tracker\\src\\tests\\archive\\test-filter-improvements-fixed.js",
      "duration": 899,
      "code": 0,
      "stdout": "ğŸ” FILTER IMPROVEMENTS TEST\n===========================\nâœ… Filter Status Test - passed\nâœ… Grid Layout Test - passed\nâœ… Performance Test - passed\n\nğŸ¯ All Filter Improvements tests passed!\n",
      "stderr": "",
      "passed": true,
      "timedOut": false,
      "error": null
    },
    {
      "file": "test-integration-refactored.js",
      "path": "D:\\project1\\expense-tracker\\src\\tests\\archive\\test-integration-refactored.js",
      "duration": 206,
      "code": 1,
      "stdout": "ğŸ§ª REFACTORED TRANSACTION MANAGER INTEGRATION TEST\n=================================================\n",
      "stderr": "node:internal/modules/esm/resolve:275\r\n    throw new ERR_MODULE_NOT_FOUND(\r\n          ^\r\n\r\nError [ERR_MODULE_NOT_FOUND]: Cannot find module 'D:\\project1\\expense-tracker\\src\\tests\\core\\appState.js' imported from D:\\project1\\expense-tracker\\src\\tests\\archive\\test-integration-refactored.js\r\n\u001b[90m    at finalizeResolution (node:internal/modules/esm/resolve:275:11)\u001b[39m\r\n\u001b[90m    at moduleResolve (node:internal/modules/esm/resolve:860:10)\u001b[39m\r\n\u001b[90m    at defaultResolve (node:internal/modules/esm/resolve:984:11)\u001b[39m\r\n\u001b[90m    at ModuleLoader.defaultResolve (node:internal/modules/esm/loader:685:12)\u001b[39m\r\n\u001b[90m    at #cachedDefaultResolve (node:internal/modules/esm/loader:634:25)\u001b[39m\r\n\u001b[90m    at ModuleLoader.resolve (node:internal/modules/esm/loader:617:38)\u001b[39m\r\n\u001b[90m    at ModuleLoader.getModuleJobForImport (node:internal/modules/esm/loader:273:38)\u001b[39m\r\n\u001b[90m    at onImport.tracePromise.__proto__ (node:internal/modules/esm/loader:577:36)\u001b[39m\r\n\u001b[90m    at TracingChannel.tracePromise (node:diagnostics_channel:344:14)\u001b[39m\r\n\u001b[90m    at ModuleLoader.import (node:internal/modules/esm/loader:576:21)\u001b[39m {\r\n  code: \u001b[32m'ERR_MODULE_NOT_FOUND'\u001b[39m,\r\n  url: \u001b[32m'file:///D:/project1/expense-tracker/src/tests/core/appState.js'\u001b[39m\r\n}\r\n\r\nNode.js v22.14.0\r\n",
      "passed": false,
      "timedOut": false,
      "error": "Exit code: 1"
    },
    {
      "file": "test-regression-after-refactor.js",
      "path": "D:\\project1\\expense-tracker\\src\\tests\\archive\\test-regression-after-refactor.js",
      "duration": 234,
      "code": 1,
      "stdout": "",
      "stderr": "file:///D:/project1/expense-tracker/src/tests/archive/test-regression-after-refactor.js:10\r\nimport { describe, test, expect } from '@jest/globals';\r\n         ^^^^^^^^\r\nSyntaxError: Named export 'describe' not found. The requested module '@jest/globals' is a CommonJS module, which may not support all module.exports as named exports.\r\nCommonJS modules can always be imported via the default export, for example using:\r\n\r\nimport pkg from '@jest/globals';\r\nconst { describe, test, expect } = pkg;\r\n\r\n\u001b[90m    at ModuleJob._instantiate (node:internal/modules/esm/module_job:180:21)\u001b[39m\r\n\u001b[90m    at async ModuleJob.run (node:internal/modules/esm/module_job:263:5)\u001b[39m\r\n\u001b[90m    at async onImport.tracePromise.__proto__ (node:internal/modules/esm/loader:578:26)\u001b[39m\r\n\u001b[90m    at async asyncRunEntryPointWithESMLoader (node:internal/modules/run_main:116:5)\u001b[39m\r\n\r\nNode.js v22.14.0\r\n",
      "passed": false,
      "timedOut": false,
      "error": "Exit code: 1"
    },
    {
      "file": "test-regression-before-refactor.js",
      "path": "D:\\project1\\expense-tracker\\src\\tests\\archive\\test-regression-before-refactor.js",
      "duration": 233,
      "code": 1,
      "stdout": "",
      "stderr": "file:///D:/project1/expense-tracker/src/tests/archive/test-regression-before-refactor.js:1\r\nimport { describe, test, expect } from '@jest/globals';\r\n         ^^^^^^^^\r\nSyntaxError: Named export 'describe' not found. The requested module '@jest/globals' is a CommonJS module, which may not support all module.exports as named exports.\r\nCommonJS modules can always be imported via the default export, for example using:\r\n\r\nimport pkg from '@jest/globals';\r\nconst { describe, test, expect } = pkg;\r\n\r\n\u001b[90m    at ModuleJob._instantiate (node:internal/modules/esm/module_job:180:21)\u001b[39m\r\n\u001b[90m    at async ModuleJob.run (node:internal/modules/esm/module_job:263:5)\u001b[39m\r\n\u001b[90m    at async onImport.tracePromise.__proto__ (node:internal/modules/esm/loader:578:26)\u001b[39m\r\n\u001b[90m    at async asyncRunEntryPointWithESMLoader (node:internal/modules/run_main:116:5)\u001b[39m\r\n\r\nNode.js v22.14.0\r\n",
      "passed": false,
      "timedOut": false,
      "error": "Exit code: 1"
    },
    {
      "file": "test-real-initialization-fixed.js",
      "path": "D:\\project1\\expense-tracker\\src\\tests\\archive\\test-real-initialization-fixed.js",
      "duration": 937,
      "code": 1,
      "stdout": "ğŸš€ REAL APP INITIALIZATION DEBUG\n=================================\nğŸ Starting comprehensive initialization test...\n\nğŸ” Step 1: Setting up DOM environment...\nâœ… DOM environment set up\n\nğŸ” Step 2: Loading app state...\n",
      "stderr": "âŒ Test failed during execution: Error [ERR_MODULE_NOT_FOUND]: Cannot find module 'D:\\project1\\expense-tracker\\src\\tests\\core\\appState.js' imported from D:\\project1\\expense-tracker\\src\\tests\\archive\\test-real-initialization-fixed.js\n\u001b[90m    at finalizeResolution (node:internal/modules/esm/resolve:275:11)\u001b[39m\n\u001b[90m    at moduleResolve (node:internal/modules/esm/resolve:860:10)\u001b[39m\n\u001b[90m    at defaultResolve (node:internal/modules/esm/resolve:984:11)\u001b[39m\n\u001b[90m    at ModuleLoader.defaultResolve (node:internal/modules/esm/loader:685:12)\u001b[39m\n\u001b[90m    at #cachedDefaultResolve (node:internal/modules/esm/loader:634:25)\u001b[39m\n\u001b[90m    at ModuleLoader.resolve (node:internal/modules/esm/loader:617:38)\u001b[39m\n\u001b[90m    at ModuleLoader.getModuleJobForImport (node:internal/modules/esm/loader:273:38)\u001b[39m\n\u001b[90m    at onImport.tracePromise.__proto__ (node:internal/modules/esm/loader:577:36)\u001b[39m\n\u001b[90m    at TracingChannel.tracePromise (node:diagnostics_channel:344:14)\u001b[39m\n\u001b[90m    at ModuleLoader.import (node:internal/modules/esm/loader:576:21)\u001b[39m {\n  code: \u001b[32m'ERR_MODULE_NOT_FOUND'\u001b[39m,\n  url: \u001b[32m'file:///D:/project1/expense-tracker/src/tests/core/appState.js'\u001b[39m\n}\n",
      "passed": false,
      "timedOut": false,
      "error": "Exit code: 1"
    },
    {
      "file": "test-real-initialization.js",
      "path": "D:\\project1\\expense-tracker\\src\\tests\\archive\\test-real-initialization.js",
      "duration": 960,
      "code": 1,
      "stdout": "ğŸš€ REAL APP INITIALIZATION DEBUG\n=================================\nğŸ Starting comprehensive initialization test...\n\nğŸ” Step 1: Setting up DOM environment...\nâœ… DOM environment set up\n\nğŸ” Step 2: Loading app state...\n",
      "stderr": "âŒ Test failed during execution: Error [ERR_MODULE_NOT_FOUND]: Cannot find module 'D:\\project1\\expense-tracker\\src\\tests\\core\\appState.js' imported from D:\\project1\\expense-tracker\\src\\tests\\archive\\test-real-initialization.js\n\u001b[90m    at finalizeResolution (node:internal/modules/esm/resolve:275:11)\u001b[39m\n\u001b[90m    at moduleResolve (node:internal/modules/esm/resolve:860:10)\u001b[39m\n\u001b[90m    at defaultResolve (node:internal/modules/esm/resolve:984:11)\u001b[39m\n\u001b[90m    at ModuleLoader.defaultResolve (node:internal/modules/esm/loader:685:12)\u001b[39m\n\u001b[90m    at #cachedDefaultResolve (node:internal/modules/esm/loader:634:25)\u001b[39m\n\u001b[90m    at ModuleLoader.resolve (node:internal/modules/esm/loader:617:38)\u001b[39m\n\u001b[90m    at ModuleLoader.getModuleJobForImport (node:internal/modules/esm/loader:273:38)\u001b[39m\n\u001b[90m    at onImport.tracePromise.__proto__ (node:internal/modules/esm/loader:577:36)\u001b[39m\n\u001b[90m    at TracingChannel.tracePromise (node:diagnostics_channel:344:14)\u001b[39m\n\u001b[90m    at ModuleLoader.import (node:internal/modules/esm/loader:576:21)\u001b[39m {\n  code: \u001b[32m'ERR_MODULE_NOT_FOUND'\u001b[39m,\n  url: \u001b[32m'file:///D:/project1/expense-tracker/src/tests/core/appState.js'\u001b[39m\n}\n",
      "passed": false,
      "timedOut": false,
      "error": "Exit code: 1"
    },
    {
      "file": "test-runner.js",
      "path": "D:\\project1\\expense-tracker\\src\\tests\\archive\\test-runner.js",
      "duration": 155,
      "code": 1,
      "stdout": "",
      "stderr": "file:///D:/project1/expense-tracker/src/tests/archive/test-runner.js:19\r\nimport { describe, test, expect } from '@jest/globals';\r\n         ^^^^^^^^\r\nSyntaxError: Named export 'describe' not found. The requested module '@jest/globals' is a CommonJS module, which may not support all module.exports as named exports.\r\nCommonJS modules can always be imported via the default export, for example using:\r\n\r\nimport pkg from '@jest/globals';\r\nconst { describe, test, expect } = pkg;\r\n\r\n\u001b[90m    at ModuleJob._instantiate (node:internal/modules/esm/module_job:180:21)\u001b[39m\r\n\u001b[90m    at async ModuleJob.run (node:internal/modules/esm/module_job:263:5)\u001b[39m\r\n\u001b[90m    at async onImport.tracePromise.__proto__ (node:internal/modules/esm/loader:578:26)\u001b[39m\r\n\u001b[90m    at async asyncRunEntryPointWithESMLoader (node:internal/modules/run_main:116:5)\u001b[39m\r\n\r\nNode.js v22.14.0\r\n",
      "passed": false,
      "timedOut": false,
      "error": "Exit code: 1"
    },
    {
      "file": "test-simple.js",
      "path": "D:\\project1\\expense-tracker\\src\\tests\\archive\\test-simple.js",
      "duration": 151,
      "code": 1,
      "stdout": "",
      "stderr": "file:///D:/project1/expense-tracker/src/tests/archive/test-simple.js:1\r\nimport { describe, test, expect } from '@jest/globals';\r\n         ^^^^^^^^\r\nSyntaxError: Named export 'describe' not found. The requested module '@jest/globals' is a CommonJS module, which may not support all module.exports as named exports.\r\nCommonJS modules can always be imported via the default export, for example using:\r\n\r\nimport pkg from '@jest/globals';\r\nconst { describe, test, expect } = pkg;\r\n\r\n\u001b[90m    at ModuleJob._instantiate (node:internal/modules/esm/module_job:180:21)\u001b[39m\r\n\u001b[90m    at async ModuleJob.run (node:internal/modules/esm/module_job:263:5)\u001b[39m\r\n\u001b[90m    at async onImport.tracePromise.__proto__ (node:internal/modules/esm/loader:578:26)\u001b[39m\r\n\u001b[90m    at async asyncRunEntryPointWithESMLoader (node:internal/modules/run_main:116:5)\u001b[39m\r\n\r\nNode.js v22.14.0\r\n",
      "passed": false,
      "timedOut": false,
      "error": "Exit code: 1"
    },
    {
      "file": "test-summary-verification.js",
      "path": "D:\\project1\\expense-tracker\\src\\tests\\archive\\test-summary-verification.js",
      "duration": 160,
      "code": 1,
      "stdout": "",
      "stderr": "file:///D:/project1/expense-tracker/src/tests/archive/test-summary-verification.js:45\r\nimport { describe, test, expect } from '@jest/globals';\r\n         ^^^^^^^^\r\nSyntaxError: Named export 'describe' not found. The requested module '@jest/globals' is a CommonJS module, which may not support all module.exports as named exports.\r\nCommonJS modules can always be imported via the default export, for example using:\r\n\r\nimport pkg from '@jest/globals';\r\nconst { describe, test, expect } = pkg;\r\n\r\n\u001b[90m    at ModuleJob._instantiate (node:internal/modules/esm/module_job:180:21)\u001b[39m\r\n\u001b[90m    at async ModuleJob.run (node:internal/modules/esm/module_job:263:5)\u001b[39m\r\n\u001b[90m    at async onImport.tracePromise.__proto__ (node:internal/modules/esm/loader:578:26)\u001b[39m\r\n\u001b[90m    at async asyncRunEntryPointWithESMLoader (node:internal/modules/run_main:116:5)\u001b[39m\r\n\r\nNode.js v22.14.0\r\n",
      "passed": false,
      "timedOut": false,
      "error": "Exit code: 1"
    },
    {
      "file": "test-unified-fixes-fixed.js",
      "path": "D:\\project1\\expense-tracker\\src\\tests\\archive\\test-unified-fixes-fixed.js",
      "duration": 144,
      "code": 1,
      "stdout": "",
      "stderr": "file:///D:/project1/expense-tracker/src/tests/archive/test-unified-fixes-fixed.js:1\r\nimport { describe, test, expect } from '@jest/globals';\r\n         ^^^^^^^^\r\nSyntaxError: Named export 'describe' not found. The requested module '@jest/globals' is a CommonJS module, which may not support all module.exports as named exports.\r\nCommonJS modules can always be imported via the default export, for example using:\r\n\r\nimport pkg from '@jest/globals';\r\nconst { describe, test, expect } = pkg;\r\n\r\n\u001b[90m    at ModuleJob._instantiate (node:internal/modules/esm/module_job:180:21)\u001b[39m\r\n\u001b[90m    at async ModuleJob.run (node:internal/modules/esm/module_job:263:5)\u001b[39m\r\n\u001b[90m    at async onImport.tracePromise.__proto__ (node:internal/modules/esm/loader:578:26)\u001b[39m\r\n\u001b[90m    at async asyncRunEntryPointWithESMLoader (node:internal/modules/run_main:116:5)\u001b[39m\r\n\r\nNode.js v22.14.0\r\n",
      "passed": false,
      "timedOut": false,
      "error": "Exit code: 1"
    },
    {
      "file": "test-ui-visibility.js",
      "path": "D:\\project1\\expense-tracker\\src\\tests\\archive\\test-ui-visibility.js",
      "duration": 159,
      "code": 1,
      "stdout": "",
      "stderr": "file:///D:/project1/expense-tracker/src/tests/archive/test-ui-visibility.js:1\r\nimport { describe, test, expect } from '@jest/globals';\r\n         ^^^^^^^^\r\nSyntaxError: Named export 'describe' not found. The requested module '@jest/globals' is a CommonJS module, which may not support all module.exports as named exports.\r\nCommonJS modules can always be imported via the default export, for example using:\r\n\r\nimport pkg from '@jest/globals';\r\nconst { describe, test, expect } = pkg;\r\n\r\n\u001b[90m    at ModuleJob._instantiate (node:internal/modules/esm/module_job:180:21)\u001b[39m\r\n\u001b[90m    at async ModuleJob.run (node:internal/modules/esm/module_job:263:5)\u001b[39m\r\n\u001b[90m    at async onImport.tracePromise.__proto__ (node:internal/modules/esm/loader:578:26)\u001b[39m\r\n\u001b[90m    at async asyncRunEntryPointWithESMLoader (node:internal/modules/run_main:116:5)\u001b[39m\r\n\r\nNode.js v22.14.0\r\n",
      "passed": false,
      "timedOut": false,
      "error": "Exit code: 1"
    },
    {
      "file": "test-unified-fixes.js",
      "path": "D:\\project1\\expense-tracker\\src\\tests\\archive\\test-unified-fixes.js",
      "duration": 119,
      "code": 1,
      "stdout": "",
      "stderr": "file:///D:/project1/expense-tracker/src/tests/archive/test-unified-fixes.js:1\r\nimport { describe, test, expect } from '@jest/globals';\r\n         ^^^^^^^^\r\nSyntaxError: Named export 'describe' not found. The requested module '@jest/globals' is a CommonJS module, which may not support all module.exports as named exports.\r\nCommonJS modules can always be imported via the default export, for example using:\r\n\r\nimport pkg from '@jest/globals';\r\nconst { describe, test, expect } = pkg;\r\n\r\n\u001b[90m    at ModuleJob._instantiate (node:internal/modules/esm/module_job:180:21)\u001b[39m\r\n\u001b[90m    at async ModuleJob.run (node:internal/modules/esm/module_job:263:5)\u001b[39m\r\n\u001b[90m    at async onImport.tracePromise.__proto__ (node:internal/modules/esm/loader:578:26)\u001b[39m\r\n\u001b[90m    at async asyncRunEntryPointWithESMLoader (node:internal/modules/run_main:116:5)\u001b[39m\r\n\r\nNode.js v22.14.0\r\n",
      "passed": false,
      "timedOut": false,
      "error": "Exit code: 1"
    },
    {
      "file": "test-validation.js",
      "path": "D:\\project1\\expense-tracker\\src\\tests\\archive\\test-validation.js",
      "duration": 115,
      "code": 1,
      "stdout": "",
      "stderr": "file:///D:/project1/expense-tracker/src/tests/archive/test-validation.js:195\r\nimport { describe, test, expect } from '@jest/globals';\r\n         ^^^^^^^^\r\nSyntaxError: Named export 'describe' not found. The requested module '@jest/globals' is a CommonJS module, which may not support all module.exports as named exports.\r\nCommonJS modules can always be imported via the default export, for example using:\r\n\r\nimport pkg from '@jest/globals';\r\nconst { describe, test, expect } = pkg;\r\n\r\n\u001b[90m    at ModuleJob._instantiate (node:internal/modules/esm/module_job:180:21)\u001b[39m\r\n\u001b[90m    at async ModuleJob.run (node:internal/modules/esm/module_job:263:5)\u001b[39m\r\n\u001b[90m    at async onImport.tracePromise.__proto__ (node:internal/modules/esm/loader:578:26)\u001b[39m\r\n\u001b[90m    at async asyncRunEntryPointWithESMLoader (node:internal/modules/run_main:116:5)\u001b[39m\r\n\r\nNode.js v22.14.0\r\n",
      "passed": false,
      "timedOut": false,
      "error": "Exit code: 1"
    }
  ]
}