{
  "timestamp": "2025-07-31T18:01:36.796Z",
  "summary": {
    "total": 27,
    "passed": 9,
    "failed": 18,
    "successRate": "33.3",
    "duration": 2819
  },
  "tests": [
    {
      "file": "test-advanced-filters-improvements.js",
      "path": "D:\\project1\\expense-tracker\\src\\tests\\archive\\test-advanced-filters-improvements.js",
      "duration": 238,
      "code": 1,
      "stdout": "🔍 ADVANCED FILTERS IMPROVEMENT TEST\n===================================\n1️⃣ TESTING MODULE IMPORT\n------------------------\n❌ Critical error during testing: Cannot find module 'D:\\project1\\expense-tracker\\src\\tests\\ui\\filters\\advancedFilters.js' imported from D:\\project1\\expense-tracker\\src\\tests\\archive\\test-advanced-filters-improvements.js\n\n📊 TEST SUMMARY\n===============\n✅ Passed: 0\n❌ Failed: 1\n📝 Total: 1\n\n⚠️ SOME TESTS FAILED\n❌ Please check the failed tests above\n\n💡 IMPROVEMENTS IMPLEMENTED:\n============================\n🎨 Modern card-based grid layout\n🔧 Modal-based preset management (no more double prompts)\n📱 Responsive design with improved mobile support\n🎯 Better visual hierarchy with icons and colors\n🔄 Proper event listener management (no duplicates)\n💾 Enhanced preset selector and management UI\n🧹 Cleaner action buttons layout\n🌈 Improved color scheme and animations\n",
      "stderr": "",
      "passed": false,
      "timedOut": false,
      "error": "Exit code: 1"
    },
    {
      "file": "test-category-manager-bug-fixes.js",
      "path": "D:\\project1\\expense-tracker\\src\\tests\\archive\\test-category-manager-bug-fixes.js",
      "duration": 242,
      "code": 0,
      "stdout": "\n🧪 Testing: addSubcategory handles missing parent category correctly\n✅ PASS: addSubcategory handles missing parent category correctly\n\n🧪 Testing: drag and drop functionality supports multiple operations\n✅ PASS: drag and drop functionality supports multiple operations\n\n🧪 Testing: attachSubcategoryEventListeners function is defined and accessible\n✅ PASS: attachSubcategoryEventListeners function is defined and accessible\n\n🧪 Testing: category reset properly updates transaction data\n✅ PASS: category reset properly updates transaction data\n\n🧪 Testing: charts update automatically when categories change\n✅ PASS: charts update automatically when categories change\n\n🧪 Testing: modal parameter is properly passed to all functions\n✅ PASS: modal parameter is properly passed to all functions\n\n🧪 Testing: CSS includes modern styling and better spacing\n✅ PASS: CSS includes modern styling and better spacing\n\n🧪 Testing: template literals are properly handled in all functions\n✅ PASS: template literals are properly handled in all functions\n\n🧪 Testing: unified test runner discovers and runs all tests\n✅ PASS: unified test runner discovers and runs all tests\n\n🧪 Testing: existing category management functions still work\n✅ PASS: existing category management functions still work\n\n============================================================\n📊 TEST RESULTS SUMMARY\n============================================================\nTotal Tests: 10\nPassed: 10\nFailed: 0\nSuccess Rate: 100.0%\n\n🎉 ALL CATEGORY MANAGER BUG FIXES VERIFIED!\n",
      "stderr": "",
      "passed": true,
      "timedOut": false,
      "error": null
    },
    {
      "file": "test-category-manager-improvements.js",
      "path": "D:\\project1\\expense-tracker\\src\\tests\\archive\\test-category-manager-improvements.js",
      "duration": 219,
      "code": 1,
      "stdout": "🎨 CATEGORY MANAGER IMPROVEMENTS TEST\n====================================\n1️⃣ TESTING SEARCH FUNCTIONALITY FIXES\n------------------------------------\n❌ Critical error during testing: Cannot find module 'D:\\project1\\expense-tracker\\src\\tests\\ui\\categoryManager.js' imported from D:\\project1\\expense-tracker\\src\\tests\\archive\\test-category-manager-improvements.js\n\n📊 TEST SUMMARY\n===============\n✅ Passed: 0\n❌ Failed: 1\n📝 Total: 1\n\n⚠️ SOME TESTS FAILED\n❌ Please check the failed tests above\n\n💡 IMPROVEMENTS IMPLEMENTED:\n============================\n🔍 Fixed search to use correct selector (.category-name-display)\n❌ Added close subcategories button functionality\n🎯 Implemented drag and drop category reordering\n📊 Charts now update when categories change\n🧹 Category selections clear properly on reset\n🎨 Enhanced UI with better spacing and modern design\n📱 Improved responsive layout and accessibility\n🔄 Better button styles with gradients and animations\n",
      "stderr": "",
      "passed": false,
      "timedOut": false,
      "error": "Exit code: 1"
    },
    {
      "file": "test-category-manager-comprehensive.js",
      "path": "D:\\project1\\expense-tracker\\src\\tests\\archive\\test-category-manager-comprehensive.js",
      "duration": 236,
      "code": 0,
      "stdout": "🎨 COMPREHENSIVE CATEGORY MANAGER TESTING\n==========================================\n✅ PASS: Drag and drop setup function exists\n✅ PASS: Button event listeners are properly attached\n✅ PASS: Modern CSS styling is applied\n✅ PASS: Drag and drop visual feedback styles exist\n✅ PASS: Button styles are ultra-modern\n✅ PASS: No duplicate event listeners or functions\n✅ PASS: Proper error handling and debugging\n✅ PASS: Modal management is properly handled\n✅ PASS: Reorder categories function works correctly\n✅ PASS: Toast notifications for user feedback\n\n📊 TEST RESULTS SUMMARY\n========================\nTotal Tests: 10\nPassed: 10\nFailed: 0\nSuccess Rate: 100.0%\n\n🎉 ALL CATEGORY MANAGER TESTS PASSED!\n✅ Drag and drop functionality implemented\n✅ Modern UI styling applied\n✅ Button functionality verified\n✅ No duplicate code or event listeners\n✅ Proper error handling and user feedback\n",
      "stderr": "",
      "passed": true,
      "timedOut": false,
      "error": null
    },
    {
      "file": "test-category-manager-manual.js",
      "path": "D:\\project1\\expense-tracker\\src\\tests\\archive\\test-category-manager-manual.js",
      "duration": 228,
      "code": 0,
      "stdout": "🧪 MANUAL CATEGORY MANAGER FUNCTIONALITY TEST\n==============================================\n✅ All required functions are present in categoryManager.js\n✅ All modern CSS features are present\n✅ Drag and drop functionality is properly implemented\n❌ Missing button handlers for: btn-edit, btn-delete, btn-close\n✅ No duplicate functions or event listeners found\n\n📊 MANUAL TEST SUMMARY\n======================\n💥 SOME MANUAL TESTS FAILED!\nPlease review the failed tests above.\n",
      "stderr": "",
      "passed": true,
      "timedOut": false,
      "error": null
    },
    {
      "file": "test-complete-flow.js",
      "path": "D:\\project1\\expense-tracker\\src\\tests\\archive\\test-complete-flow.js",
      "duration": 171,
      "code": 0,
      "stdout": "🚀 STARTING COMPLETE CURRENCY FILTER TEST\n============================================================\n\n1️⃣ Initial state (All currencies):\n🔄 SIMULATION: User selected currency: \"all\"\n📊 Previous currency filter was: \"all\"\n✅ Updated currency filter to: \"all\"\n📈 Filtering 6 transactions → 6 filtered transactions\n🔍 Visible transactions:\n  1. Grocery Shopping (USD) - -120.5\n  2. Salary Payment (USD) - +3000\n  3. Coffee Shop (EUR) - -4.5\n  4. Freelance Work (EUR) - +500\n  5. Gas Station (GBP) - -45.2\n  6. Consulting Fee (GBP) - +800\n\n📋 Simulating summary update...\n  📊 Summary will show 3 currency(ies):\n    💵 USD: Income: 3000.00, Expenses: 120.50, Net: 2879.50 (2 transactions)\n    💶 EUR: Income: 500.00, Expenses: 4.50, Net: 495.50 (2 transactions)\n    💷 GBP: Income: 800.00, Expenses: 45.20, Net: 754.80 (2 transactions)\n\n📊 Simulating chart update...\n  📈 Charts will show data for currencies: USD, EUR, GBP\n  🍰 Category chart data:\n    Food: 120.50\n    Food (EUR): 4.50\n    Transportation (GBP): 45.20\n\n2️⃣ User selects USD only:\n🔄 SIMULATION: User selected currency: \"USD\"\n📊 Previous currency filter was: \"all\"\n✅ Updated currency filter to: \"USD\"\n📈 Filtering 6 transactions → 2 filtered transactions\n🔍 Visible transactions:\n  1. Grocery Shopping (USD) - -120.5\n  2. Salary Payment (USD) - +3000\n\n📋 Simulating summary update...\n  📊 Summary will show 1 currency(ies):\n    💵 USD: Income: 3000.00, Expenses: 120.50, Net: 2879.50 (2 transactions)\n\n📊 Simulating chart update...\n  📈 Charts will show data for currencies: USD\n  🍰 Category chart data:\n    Food: 120.50\n\n3️⃣ User selects EUR only:\n🔄 SIMULATION: User selected currency: \"EUR\"\n📊 Previous currency filter was: \"USD\"\n✅ Updated currency filter to: \"EUR\"\n📈 Filtering 6 transactions → 2 filtered transactions\n🔍 Visible transactions:\n  1. Coffee Shop (EUR) - -4.5\n  2. Freelance Work (EUR) - +500\n\n📋 Simulating summary update...\n  📊 Summary will show 1 currency(ies):\n    💶 EUR: Income: 500.00, Expenses: 4.50, Net: 495.50 (2 transactions)\n\n📊 Simulating chart update...\n  📈 Charts will show data for currencies: EUR\n  🍰 Category chart data:\n    Food (EUR): 4.50\n\n4️⃣ User selects GBP only:\n🔄 SIMULATION: User selected currency: \"GBP\"\n📊 Previous currency filter was: \"EUR\"\n✅ Updated currency filter to: \"GBP\"\n📈 Filtering 6 transactions → 2 filtered transactions\n🔍 Visible transactions:\n  1. Gas Station (GBP) - -45.2\n  2. Consulting Fee (GBP) - +800\n\n📋 Simulating summary update...\n  📊 Summary will show 1 currency(ies):\n    💷 GBP: Income: 800.00, Expenses: 45.20, Net: 754.80 (2 transactions)\n\n📊 Simulating chart update...\n  📈 Charts will show data for currencies: GBP\n  🍰 Category chart data:\n    Transportation (GBP): 45.20\n\n5️⃣ User selects All currencies:\n🔄 SIMULATION: User selected currency: \"all\"\n📊 Previous currency filter was: \"GBP\"\n✅ Updated currency filter to: \"all\"\n📈 Filtering 6 transactions → 6 filtered transactions\n🔍 Visible transactions:\n  1. Grocery Shopping (USD) - -120.5\n  2. Salary Payment (USD) - +3000\n  3. Coffee Shop (EUR) - -4.5\n  4. Freelance Work (EUR) - +500\n  5. Gas Station (GBP) - -45.2\n  6. Consulting Fee (GBP) - +800\n\n📋 Simulating summary update...\n  📊 Summary will show 3 currency(ies):\n    💵 USD: Income: 3000.00, Expenses: 120.50, Net: 2879.50 (2 transactions)\n    💶 EUR: Income: 500.00, Expenses: 4.50, Net: 495.50 (2 transactions)\n    💷 GBP: Income: 800.00, Expenses: 45.20, Net: 754.80 (2 transactions)\n\n📊 Simulating chart update...\n  📈 Charts will show data for currencies: USD, EUR, GBP\n  🍰 Category chart data:\n    Food: 120.50\n    Food (EUR): 4.50\n    Transportation (GBP): 45.20\n\n✅ COMPLETE FLOW TEST FINISHED\n============================================================\n\n📊 VERIFICATION:\n  All currencies: 6 transactions\n  USD only: 2 transactions\n  EUR only: 2 transactions\n  GBP only: 2 transactions\n  Total should equal sum: 6 = 6 ✓\n\n🎉 ALL TESTS PASSED! Currency filter functionality is working correctly.\n💡 When users change the currency filter:\n   ✅ Transaction table updates immediately\n   ✅ Summary cards update with correct currency amounts\n   ✅ Charts update with filtered data\n   ✅ Multi-currency data is handled properly\n",
      "stderr": "",
      "passed": true,
      "timedOut": false,
      "error": null
    },
    {
      "file": "test-currency-cell-change.js",
      "path": "D:\\project1\\expense-tracker\\src\\tests\\archive\\test-currency-cell-change.js",
      "duration": 209,
      "code": 0,
      "stdout": "🚀 STARTING CURRENCY CELL CHANGE TEST\n🧪 TESTING CURRENCY CELL CHANGE FUNCTIONALITY\n================================================================================\n\n📊 Initial State:\nTransactions:\n  1. Grocery Shopping - 💵 USD (-120.5)\n  2. Salary Payment - 💵 USD (+3000)\n  3. Coffee Shop - 💶 EUR (-4.5)\n\n💱 Initial currencies: USD, EUR\n\n📋 Initial Summary:\n📋 Transaction summary updated with 3 transactions\n  💵 USD: Income: 3000.00, Expenses: 120.50, Net: 2879.50 (2 transactions)\n  💶 EUR: Income: 0.00, Expenses: 4.50, Net: -4.50 (1 transactions)\n\n🔄 USER ACTION: Changing Grocery Shopping transaction currency from USD to GBP\n\n🚀 SIMULATING CURRENCY CELL CHANGE\n============================================================\n🆔 Transaction ID: tx-001\n📝 Field: currency\n🔄 New Value: \"GBP\"\n✅ Updated transaction currency from \"USD\" to \"GBP\"\n💾 Saved to localStorage\n💱 Currency changed for transaction tx-001 to GBP\n📋 Transaction summary updated with 3 transactions\n  💷 GBP: Income: 0.00, Expenses: 120.50, Net: -120.50 (1 transactions)\n  💵 USD: Income: 3000.00, Expenses: 0.00, Net: 3000.00 (1 transactions)\n  💶 EUR: Income: 0.00, Expenses: 4.50, Net: -4.50 (1 transactions)\n🔄 Transaction summary updated after currency change\n💱 Currency filter options updated with currencies: EUR, GBP, USD\n💱 Currency filter options updated after currency change\n📊 Charts updated\n📊 Charts updated after currency change\n\n✅ Currency cell change simulation complete\n============================================================\n\n📊 Final State:\nTransactions:\n  1. Grocery Shopping - 💷 GBP (-120.5)\n  2. Salary Payment - 💵 USD (+3000)\n  3. Coffee Shop - 💶 EUR (-4.5)\n\n💱 Final currencies: GBP, USD, EUR\n\n📋 Final Summary:\n📋 Transaction summary updated with 3 transactions\n  💷 GBP: Income: 0.00, Expenses: 120.50, Net: -120.50 (1 transactions)\n  💵 USD: Income: 3000.00, Expenses: 0.00, Net: 3000.00 (1 transactions)\n  💶 EUR: Income: 0.00, Expenses: 4.50, Net: -4.50 (1 transactions)\n\n🔍 Update Call Log:\n  1. updateTransactionSummary called with 3 transactions\n  2. updateCurrencyFilterOptions called\n  3. updateCharts called\n  4. updateTransactionSummary called with 3 transactions\n\n✅ VERIFICATION:\n🎉 SUCCESS: All expected UI updates were triggered!\n✅ Transaction summary was updated\n✅ Currency filter options were updated\n✅ Charts were updated\n✅ Currency was changed and saved automatically\n\n🎉 ALL TESTS PASSED!\n💡 When users change currency in a transaction cell:\n   ✅ Charts update immediately with new currency data\n   ✅ Transaction summary updates with new currency breakdown\n   ✅ Currency filter dropdown includes the new currency\n   ✅ Change is saved automatically (no manual save needed)\n",
      "stderr": "",
      "passed": true,
      "timedOut": false,
      "error": null
    },
    {
      "file": "test-currency-integration.js",
      "path": "D:\\project1\\expense-tracker\\src\\tests\\archive\\test-currency-integration.js",
      "duration": 220,
      "code": 0,
      "stdout": "🧪 COMPREHENSIVE CURRENCY CELL CHANGE TEST\n================================================================================\n🧪 TESTING CODE INTEGRATION\n==================================================\n\n1️⃣ Testing saveFieldChangeById function...\n❌ Error testing saveFieldChangeById: Illegal return statement\n\n2️⃣ Testing currency field event listener setup...\n❌ Error testing event listeners: Illegal return statement\n\n3️⃣ Testing updateCurrencyFilterOptions function...\n❌ Error testing filter update: Illegal return statement\n\n📊 INTEGRATION TEST SUMMARY:\n✅ Currency field change detection: Working\n✅ Event listener attachment: Working\n✅ UI update triggers: Working\n✅ Filter option updates: Working\n\n🚀 TESTING COMPLETE WORKFLOW\n==================================================\n\n📋 Workflow Steps:\n1. User changes currency in transaction cell dropdown\n2. Change event fires on .currency-field element\n3. Event listener calls saveFieldChangeById()\n4. saveFieldChangeById() detects currency field change\n5. Transaction is updated in AppState.transactions\n6. Change is saved to localStorage\n7. Transaction summary is updated with new currency data\n8. Currency filter dropdown options are refreshed\n9. Charts are updated with new currency data\n\n✅ All workflow steps are implemented in the code!\n\n💡 Expected User Experience:\n• User selects new currency from dropdown in transaction row\n• Page immediately updates (no page refresh needed)\n• Charts reflect the new currency distribution\n• Summary cards show updated currency breakdown\n• Currency filter includes the new currency option\n• Change is automatically saved (no manual save button)\n\n🎉 ALL TESTS PASSED!\n\n✅ FEATURE IMPLEMENTATION COMPLETE:\nCurrency cell changes now trigger automatic UI updates:\n  📊 Charts update immediately\n  📋 Transaction summary updates\n  🔍 Currency filter dropdown refreshes\n  💾 Changes save automatically\n\n🚀 Ready for user testing!\n",
      "stderr": "",
      "passed": true,
      "timedOut": false,
      "error": null
    },
    {
      "file": "test-currency-filter-static.js",
      "path": "D:\\project1\\expense-tracker\\src\\tests\\archive\\test-currency-filter-static.js",
      "duration": 236,
      "code": 0,
      "stdout": "==================================================\nCURRENCY FILTER FUNCTIONALITY TEST\n==================================================\nStarting currency filter test...\n\n=== Test 1: Filter by USD ===\nOriginal transactions: 3\nUSD filtered transactions: 1\nUSD transactions: [ \u001b[32m'Grocery Shopping (USD)'\u001b[39m ]\n\n=== Test 2: Filter by EUR ===\nEUR filtered transactions: 1\nEUR transactions: [ \u001b[32m'Coffee Shop (EUR)'\u001b[39m ]\n\n=== Test 3: Filter by GBP ===\nGBP filtered transactions: 1\nGBP transactions: [ \u001b[32m'Gas Station (GBP)'\u001b[39m ]\n\n=== Test 4: All currencies ===\nAll currencies in data: [ \u001b[32m'USD'\u001b[39m, \u001b[32m'EUR'\u001b[39m, \u001b[32m'GBP'\u001b[39m ]\n\n=== Test 5: Summary calculations ===\nUSD: Income: 0, Expenses: 120.5, Net: -120.5\nEUR: Income: 0, Expenses: 4.5, Net: -4.5\nGBP: Income: 0, Expenses: 45.2, Net: -45.2\n\n=== Testing chart data preparation ===\n\n--- Category data for USD ---\nCategory data: { Food: \u001b[33m120.5\u001b[39m }\n\n--- Category data for EUR ---\nCategory data: { \u001b[32m'Food (EUR)'\u001b[39m: \u001b[33m4.5\u001b[39m }\n\n--- Category data for GBP ---\nCategory data: { \u001b[32m'Transportation (GBP)'\u001b[39m: \u001b[33m45.2\u001b[39m }\n\n✅ ALL TESTS PASSED\nCurrency filter functionality should work correctly!\n\n=\n=\n=\n=\n=\n=\n=\n=\n=\n=\n=\n=\n=\n=\n=\n=\n=\n=\n=\n=\n=\n=\n=\n=\n=\n=\n=\n=\n=\n=\n=\n=\n=\n=\n=\n=\n=\n=\n=\n=\n=\n=\n=\n=\n=\n=\n=\n=\n=\n=\n",
      "stderr": "",
      "passed": true,
      "timedOut": false,
      "error": null
    },
    {
      "file": "test-dark-mode-comprehensive.js",
      "path": "D:\\project1\\expense-tracker\\src\\tests\\archive\\test-dark-mode-comprehensive.js",
      "duration": 209,
      "code": 1,
      "stdout": "🌙 COMPREHENSIVE DARK MODE TEST\n=====================================\n\n",
      "stderr": "node:fs:442\r\n    return binding.readFileUtf8(path, stringToFlags(options.flag));\r\n                   ^\r\n\r\nError: ENOENT: no such file or directory, open 'D:\\project1\\expense-tracker\\src\\tests\\styles\\modals.css'\r\n\u001b[90m    at readFileSync (node:fs:442:20)\u001b[39m\r\n    at \u001b[90mfile:///D:/project1/expense-tracker/\u001b[39msrc/tests/archive/test-dark-mode-comprehensive.js:18:19\r\n\u001b[90m    at ModuleJob.run (node:internal/modules/esm/module_job:271:25)\u001b[39m\r\n\u001b[90m    at async onImport.tracePromise.__proto__ (node:internal/modules/esm/loader:578:26)\u001b[39m\r\n\u001b[90m    at async asyncRunEntryPointWithESMLoader (node:internal/modules/run_main:116:5)\u001b[39m {\r\n  errno: \u001b[33m-4058\u001b[39m,\r\n  code: \u001b[32m'ENOENT'\u001b[39m,\r\n  syscall: \u001b[32m'open'\u001b[39m,\r\n  path: \u001b[32m'D:\\\\project1\\\\expense-tracker\\\\src\\\\tests\\\\styles\\\\modals.css'\u001b[39m\r\n}\r\n\r\nNode.js v22.14.0\r\n",
      "passed": false,
      "timedOut": false,
      "error": "Exit code: 1"
    },
    {
      "file": "test-enhanced-layout-status.js",
      "path": "D:\\project1\\expense-tracker\\src\\tests\\archive\\test-enhanced-layout-status.js",
      "duration": 166,
      "code": 1,
      "stdout": "🔍 ENHANCED FILTERS LAYOUT AND STATUS TEST\n==========================================\n1️⃣ TESTING LAYOUT IMPROVEMENTS\n------------------------------\n❌ Critical error during testing: Cannot find module 'D:\\project1\\expense-tracker\\src\\tests\\ui\\filters\\advancedFilters.js' imported from D:\\project1\\expense-tracker\\src\\tests\\archive\\test-enhanced-layout-status.js\n\n📊 TEST SUMMARY\n===============\n✅ Passed: 0\n❌ Failed: 1\n📝 Total: 1\n\n⚠️ SOME TESTS FAILED\n❌ Please check the failed tests above\n\n💡 LAYOUT IMPROVEMENTS IMPLEMENTED:\n===================================\n📐 Responsive grid layout (auto-fit columns instead of single column)\n📊 Dynamic status showing actual filter counts and results\n🎯 Individual cards for each filter type for better organization\n📱 Mobile-responsive design with proper breakpoints\n🎨 Better visual hierarchy with improved spacing\n🔄 Meaningful status updates instead of static text\n✨ Enhanced user experience with clearer organization\n",
      "stderr": "",
      "passed": false,
      "timedOut": false,
      "error": "Exit code: 1"
    },
    {
      "file": "test-final-dark-mode-fixes.js",
      "path": "D:\\project1\\expense-tracker\\src\\tests\\archive\\test-final-dark-mode-fixes.js",
      "duration": 160,
      "code": 1,
      "stdout": "🌙 FINAL DARK MODE VERIFICATION TEST\n=====================================\n\n",
      "stderr": "node:fs:442\r\n    return binding.readFileUtf8(path, stringToFlags(options.flag));\r\n                   ^\r\n\r\nError: ENOENT: no such file or directory, open 'D:\\project1\\expense-tracker\\src\\tests\\styles\\modals.css'\r\n\u001b[90m    at readFileSync (node:fs:442:20)\u001b[39m\r\n    at \u001b[90mfile:///D:/project1/expense-tracker/\u001b[39msrc/tests/archive/test-final-dark-mode-fixes.js:18:19\r\n\u001b[90m    at ModuleJob.run (node:internal/modules/esm/module_job:271:25)\u001b[39m\r\n\u001b[90m    at async onImport.tracePromise.__proto__ (node:internal/modules/esm/loader:578:26)\u001b[39m\r\n\u001b[90m    at async asyncRunEntryPointWithESMLoader (node:internal/modules/run_main:116:5)\u001b[39m {\r\n  errno: \u001b[33m-4058\u001b[39m,\r\n  code: \u001b[32m'ENOENT'\u001b[39m,\r\n  syscall: \u001b[32m'open'\u001b[39m,\r\n  path: \u001b[32m'D:\\\\project1\\\\expense-tracker\\\\src\\\\tests\\\\styles\\\\modals.css'\u001b[39m\r\n}\r\n\r\nNode.js v22.14.0\r\n",
      "passed": false,
      "timedOut": false,
      "error": "Exit code: 1"
    },
    {
      "file": "test-final-dark-mode-verification.js",
      "path": "D:\\project1\\expense-tracker\\src\\tests\\archive\\test-final-dark-mode-verification.js",
      "duration": 181,
      "code": 1,
      "stdout": "🔍 FINAL DARK MODE VERIFICATION TEST\n=====================================\n\n",
      "stderr": "node:fs:442\r\n    return binding.readFileUtf8(path, stringToFlags(options.flag));\r\n                   ^\r\n\r\nError: ENOENT: no such file or directory, open 'D:\\project1\\expense-tracker\\src\\tests\\styles\\modals.css'\r\n\u001b[90m    at readFileSync (node:fs:442:20)\u001b[39m\r\n    at \u001b[90mfile:///D:/project1/expense-tracker/\u001b[39msrc/tests/archive/test-final-dark-mode-verification.js:19:11\r\n\u001b[90m    at ModuleJob.run (node:internal/modules/esm/module_job:271:25)\u001b[39m\r\n\u001b[90m    at async onImport.tracePromise.__proto__ (node:internal/modules/esm/loader:578:26)\u001b[39m\r\n\u001b[90m    at async asyncRunEntryPointWithESMLoader (node:internal/modules/run_main:116:5)\u001b[39m {\r\n  errno: \u001b[33m-4058\u001b[39m,\r\n  code: \u001b[32m'ENOENT'\u001b[39m,\r\n  syscall: \u001b[32m'open'\u001b[39m,\r\n  path: \u001b[32m'D:\\\\project1\\\\expense-tracker\\\\src\\\\tests\\\\styles\\\\modals.css'\u001b[39m\r\n}\r\n\r\nNode.js v22.14.0\r\n",
      "passed": false,
      "timedOut": false,
      "error": "Exit code: 1"
    },
    {
      "file": "test-enhanced-filter-ui-fixed.js",
      "path": "D:\\project1\\expense-tracker\\src\\tests\\archive\\test-enhanced-filter-ui-fixed.js",
      "duration": 897,
      "code": 0,
      "stdout": "🎨 ENHANCED FILTER UI TEST\n==========================\n✅ Visual Design Test - passed\n✅ Accessibility Test - passed\n✅ Layout Responsiveness Test - passed\n\n🎯 All Enhanced Filter UI tests passed!\n",
      "stderr": "",
      "passed": true,
      "timedOut": false,
      "error": null
    },
    {
      "file": "test-filter-improvements-fixed.js",
      "path": "D:\\project1\\expense-tracker\\src\\tests\\archive\\test-filter-improvements-fixed.js",
      "duration": 899,
      "code": 0,
      "stdout": "🔍 FILTER IMPROVEMENTS TEST\n===========================\n✅ Filter Status Test - passed\n✅ Grid Layout Test - passed\n✅ Performance Test - passed\n\n🎯 All Filter Improvements tests passed!\n",
      "stderr": "",
      "passed": true,
      "timedOut": false,
      "error": null
    },
    {
      "file": "test-integration-refactored.js",
      "path": "D:\\project1\\expense-tracker\\src\\tests\\archive\\test-integration-refactored.js",
      "duration": 206,
      "code": 1,
      "stdout": "🧪 REFACTORED TRANSACTION MANAGER INTEGRATION TEST\n=================================================\n",
      "stderr": "node:internal/modules/esm/resolve:275\r\n    throw new ERR_MODULE_NOT_FOUND(\r\n          ^\r\n\r\nError [ERR_MODULE_NOT_FOUND]: Cannot find module 'D:\\project1\\expense-tracker\\src\\tests\\core\\appState.js' imported from D:\\project1\\expense-tracker\\src\\tests\\archive\\test-integration-refactored.js\r\n\u001b[90m    at finalizeResolution (node:internal/modules/esm/resolve:275:11)\u001b[39m\r\n\u001b[90m    at moduleResolve (node:internal/modules/esm/resolve:860:10)\u001b[39m\r\n\u001b[90m    at defaultResolve (node:internal/modules/esm/resolve:984:11)\u001b[39m\r\n\u001b[90m    at ModuleLoader.defaultResolve (node:internal/modules/esm/loader:685:12)\u001b[39m\r\n\u001b[90m    at #cachedDefaultResolve (node:internal/modules/esm/loader:634:25)\u001b[39m\r\n\u001b[90m    at ModuleLoader.resolve (node:internal/modules/esm/loader:617:38)\u001b[39m\r\n\u001b[90m    at ModuleLoader.getModuleJobForImport (node:internal/modules/esm/loader:273:38)\u001b[39m\r\n\u001b[90m    at onImport.tracePromise.__proto__ (node:internal/modules/esm/loader:577:36)\u001b[39m\r\n\u001b[90m    at TracingChannel.tracePromise (node:diagnostics_channel:344:14)\u001b[39m\r\n\u001b[90m    at ModuleLoader.import (node:internal/modules/esm/loader:576:21)\u001b[39m {\r\n  code: \u001b[32m'ERR_MODULE_NOT_FOUND'\u001b[39m,\r\n  url: \u001b[32m'file:///D:/project1/expense-tracker/src/tests/core/appState.js'\u001b[39m\r\n}\r\n\r\nNode.js v22.14.0\r\n",
      "passed": false,
      "timedOut": false,
      "error": "Exit code: 1"
    },
    {
      "file": "test-regression-after-refactor.js",
      "path": "D:\\project1\\expense-tracker\\src\\tests\\archive\\test-regression-after-refactor.js",
      "duration": 234,
      "code": 1,
      "stdout": "",
      "stderr": "file:///D:/project1/expense-tracker/src/tests/archive/test-regression-after-refactor.js:10\r\nimport { describe, test, expect } from '@jest/globals';\r\n         ^^^^^^^^\r\nSyntaxError: Named export 'describe' not found. The requested module '@jest/globals' is a CommonJS module, which may not support all module.exports as named exports.\r\nCommonJS modules can always be imported via the default export, for example using:\r\n\r\nimport pkg from '@jest/globals';\r\nconst { describe, test, expect } = pkg;\r\n\r\n\u001b[90m    at ModuleJob._instantiate (node:internal/modules/esm/module_job:180:21)\u001b[39m\r\n\u001b[90m    at async ModuleJob.run (node:internal/modules/esm/module_job:263:5)\u001b[39m\r\n\u001b[90m    at async onImport.tracePromise.__proto__ (node:internal/modules/esm/loader:578:26)\u001b[39m\r\n\u001b[90m    at async asyncRunEntryPointWithESMLoader (node:internal/modules/run_main:116:5)\u001b[39m\r\n\r\nNode.js v22.14.0\r\n",
      "passed": false,
      "timedOut": false,
      "error": "Exit code: 1"
    },
    {
      "file": "test-regression-before-refactor.js",
      "path": "D:\\project1\\expense-tracker\\src\\tests\\archive\\test-regression-before-refactor.js",
      "duration": 233,
      "code": 1,
      "stdout": "",
      "stderr": "file:///D:/project1/expense-tracker/src/tests/archive/test-regression-before-refactor.js:1\r\nimport { describe, test, expect } from '@jest/globals';\r\n         ^^^^^^^^\r\nSyntaxError: Named export 'describe' not found. The requested module '@jest/globals' is a CommonJS module, which may not support all module.exports as named exports.\r\nCommonJS modules can always be imported via the default export, for example using:\r\n\r\nimport pkg from '@jest/globals';\r\nconst { describe, test, expect } = pkg;\r\n\r\n\u001b[90m    at ModuleJob._instantiate (node:internal/modules/esm/module_job:180:21)\u001b[39m\r\n\u001b[90m    at async ModuleJob.run (node:internal/modules/esm/module_job:263:5)\u001b[39m\r\n\u001b[90m    at async onImport.tracePromise.__proto__ (node:internal/modules/esm/loader:578:26)\u001b[39m\r\n\u001b[90m    at async asyncRunEntryPointWithESMLoader (node:internal/modules/run_main:116:5)\u001b[39m\r\n\r\nNode.js v22.14.0\r\n",
      "passed": false,
      "timedOut": false,
      "error": "Exit code: 1"
    },
    {
      "file": "test-real-initialization-fixed.js",
      "path": "D:\\project1\\expense-tracker\\src\\tests\\archive\\test-real-initialization-fixed.js",
      "duration": 937,
      "code": 1,
      "stdout": "🚀 REAL APP INITIALIZATION DEBUG\n=================================\n🏁 Starting comprehensive initialization test...\n\n🔍 Step 1: Setting up DOM environment...\n✅ DOM environment set up\n\n🔍 Step 2: Loading app state...\n",
      "stderr": "❌ Test failed during execution: Error [ERR_MODULE_NOT_FOUND]: Cannot find module 'D:\\project1\\expense-tracker\\src\\tests\\core\\appState.js' imported from D:\\project1\\expense-tracker\\src\\tests\\archive\\test-real-initialization-fixed.js\n\u001b[90m    at finalizeResolution (node:internal/modules/esm/resolve:275:11)\u001b[39m\n\u001b[90m    at moduleResolve (node:internal/modules/esm/resolve:860:10)\u001b[39m\n\u001b[90m    at defaultResolve (node:internal/modules/esm/resolve:984:11)\u001b[39m\n\u001b[90m    at ModuleLoader.defaultResolve (node:internal/modules/esm/loader:685:12)\u001b[39m\n\u001b[90m    at #cachedDefaultResolve (node:internal/modules/esm/loader:634:25)\u001b[39m\n\u001b[90m    at ModuleLoader.resolve (node:internal/modules/esm/loader:617:38)\u001b[39m\n\u001b[90m    at ModuleLoader.getModuleJobForImport (node:internal/modules/esm/loader:273:38)\u001b[39m\n\u001b[90m    at onImport.tracePromise.__proto__ (node:internal/modules/esm/loader:577:36)\u001b[39m\n\u001b[90m    at TracingChannel.tracePromise (node:diagnostics_channel:344:14)\u001b[39m\n\u001b[90m    at ModuleLoader.import (node:internal/modules/esm/loader:576:21)\u001b[39m {\n  code: \u001b[32m'ERR_MODULE_NOT_FOUND'\u001b[39m,\n  url: \u001b[32m'file:///D:/project1/expense-tracker/src/tests/core/appState.js'\u001b[39m\n}\n",
      "passed": false,
      "timedOut": false,
      "error": "Exit code: 1"
    },
    {
      "file": "test-real-initialization.js",
      "path": "D:\\project1\\expense-tracker\\src\\tests\\archive\\test-real-initialization.js",
      "duration": 960,
      "code": 1,
      "stdout": "🚀 REAL APP INITIALIZATION DEBUG\n=================================\n🏁 Starting comprehensive initialization test...\n\n🔍 Step 1: Setting up DOM environment...\n✅ DOM environment set up\n\n🔍 Step 2: Loading app state...\n",
      "stderr": "❌ Test failed during execution: Error [ERR_MODULE_NOT_FOUND]: Cannot find module 'D:\\project1\\expense-tracker\\src\\tests\\core\\appState.js' imported from D:\\project1\\expense-tracker\\src\\tests\\archive\\test-real-initialization.js\n\u001b[90m    at finalizeResolution (node:internal/modules/esm/resolve:275:11)\u001b[39m\n\u001b[90m    at moduleResolve (node:internal/modules/esm/resolve:860:10)\u001b[39m\n\u001b[90m    at defaultResolve (node:internal/modules/esm/resolve:984:11)\u001b[39m\n\u001b[90m    at ModuleLoader.defaultResolve (node:internal/modules/esm/loader:685:12)\u001b[39m\n\u001b[90m    at #cachedDefaultResolve (node:internal/modules/esm/loader:634:25)\u001b[39m\n\u001b[90m    at ModuleLoader.resolve (node:internal/modules/esm/loader:617:38)\u001b[39m\n\u001b[90m    at ModuleLoader.getModuleJobForImport (node:internal/modules/esm/loader:273:38)\u001b[39m\n\u001b[90m    at onImport.tracePromise.__proto__ (node:internal/modules/esm/loader:577:36)\u001b[39m\n\u001b[90m    at TracingChannel.tracePromise (node:diagnostics_channel:344:14)\u001b[39m\n\u001b[90m    at ModuleLoader.import (node:internal/modules/esm/loader:576:21)\u001b[39m {\n  code: \u001b[32m'ERR_MODULE_NOT_FOUND'\u001b[39m,\n  url: \u001b[32m'file:///D:/project1/expense-tracker/src/tests/core/appState.js'\u001b[39m\n}\n",
      "passed": false,
      "timedOut": false,
      "error": "Exit code: 1"
    },
    {
      "file": "test-runner.js",
      "path": "D:\\project1\\expense-tracker\\src\\tests\\archive\\test-runner.js",
      "duration": 155,
      "code": 1,
      "stdout": "",
      "stderr": "file:///D:/project1/expense-tracker/src/tests/archive/test-runner.js:19\r\nimport { describe, test, expect } from '@jest/globals';\r\n         ^^^^^^^^\r\nSyntaxError: Named export 'describe' not found. The requested module '@jest/globals' is a CommonJS module, which may not support all module.exports as named exports.\r\nCommonJS modules can always be imported via the default export, for example using:\r\n\r\nimport pkg from '@jest/globals';\r\nconst { describe, test, expect } = pkg;\r\n\r\n\u001b[90m    at ModuleJob._instantiate (node:internal/modules/esm/module_job:180:21)\u001b[39m\r\n\u001b[90m    at async ModuleJob.run (node:internal/modules/esm/module_job:263:5)\u001b[39m\r\n\u001b[90m    at async onImport.tracePromise.__proto__ (node:internal/modules/esm/loader:578:26)\u001b[39m\r\n\u001b[90m    at async asyncRunEntryPointWithESMLoader (node:internal/modules/run_main:116:5)\u001b[39m\r\n\r\nNode.js v22.14.0\r\n",
      "passed": false,
      "timedOut": false,
      "error": "Exit code: 1"
    },
    {
      "file": "test-simple.js",
      "path": "D:\\project1\\expense-tracker\\src\\tests\\archive\\test-simple.js",
      "duration": 151,
      "code": 1,
      "stdout": "",
      "stderr": "file:///D:/project1/expense-tracker/src/tests/archive/test-simple.js:1\r\nimport { describe, test, expect } from '@jest/globals';\r\n         ^^^^^^^^\r\nSyntaxError: Named export 'describe' not found. The requested module '@jest/globals' is a CommonJS module, which may not support all module.exports as named exports.\r\nCommonJS modules can always be imported via the default export, for example using:\r\n\r\nimport pkg from '@jest/globals';\r\nconst { describe, test, expect } = pkg;\r\n\r\n\u001b[90m    at ModuleJob._instantiate (node:internal/modules/esm/module_job:180:21)\u001b[39m\r\n\u001b[90m    at async ModuleJob.run (node:internal/modules/esm/module_job:263:5)\u001b[39m\r\n\u001b[90m    at async onImport.tracePromise.__proto__ (node:internal/modules/esm/loader:578:26)\u001b[39m\r\n\u001b[90m    at async asyncRunEntryPointWithESMLoader (node:internal/modules/run_main:116:5)\u001b[39m\r\n\r\nNode.js v22.14.0\r\n",
      "passed": false,
      "timedOut": false,
      "error": "Exit code: 1"
    },
    {
      "file": "test-summary-verification.js",
      "path": "D:\\project1\\expense-tracker\\src\\tests\\archive\\test-summary-verification.js",
      "duration": 160,
      "code": 1,
      "stdout": "",
      "stderr": "file:///D:/project1/expense-tracker/src/tests/archive/test-summary-verification.js:45\r\nimport { describe, test, expect } from '@jest/globals';\r\n         ^^^^^^^^\r\nSyntaxError: Named export 'describe' not found. The requested module '@jest/globals' is a CommonJS module, which may not support all module.exports as named exports.\r\nCommonJS modules can always be imported via the default export, for example using:\r\n\r\nimport pkg from '@jest/globals';\r\nconst { describe, test, expect } = pkg;\r\n\r\n\u001b[90m    at ModuleJob._instantiate (node:internal/modules/esm/module_job:180:21)\u001b[39m\r\n\u001b[90m    at async ModuleJob.run (node:internal/modules/esm/module_job:263:5)\u001b[39m\r\n\u001b[90m    at async onImport.tracePromise.__proto__ (node:internal/modules/esm/loader:578:26)\u001b[39m\r\n\u001b[90m    at async asyncRunEntryPointWithESMLoader (node:internal/modules/run_main:116:5)\u001b[39m\r\n\r\nNode.js v22.14.0\r\n",
      "passed": false,
      "timedOut": false,
      "error": "Exit code: 1"
    },
    {
      "file": "test-unified-fixes-fixed.js",
      "path": "D:\\project1\\expense-tracker\\src\\tests\\archive\\test-unified-fixes-fixed.js",
      "duration": 144,
      "code": 1,
      "stdout": "",
      "stderr": "file:///D:/project1/expense-tracker/src/tests/archive/test-unified-fixes-fixed.js:1\r\nimport { describe, test, expect } from '@jest/globals';\r\n         ^^^^^^^^\r\nSyntaxError: Named export 'describe' not found. The requested module '@jest/globals' is a CommonJS module, which may not support all module.exports as named exports.\r\nCommonJS modules can always be imported via the default export, for example using:\r\n\r\nimport pkg from '@jest/globals';\r\nconst { describe, test, expect } = pkg;\r\n\r\n\u001b[90m    at ModuleJob._instantiate (node:internal/modules/esm/module_job:180:21)\u001b[39m\r\n\u001b[90m    at async ModuleJob.run (node:internal/modules/esm/module_job:263:5)\u001b[39m\r\n\u001b[90m    at async onImport.tracePromise.__proto__ (node:internal/modules/esm/loader:578:26)\u001b[39m\r\n\u001b[90m    at async asyncRunEntryPointWithESMLoader (node:internal/modules/run_main:116:5)\u001b[39m\r\n\r\nNode.js v22.14.0\r\n",
      "passed": false,
      "timedOut": false,
      "error": "Exit code: 1"
    },
    {
      "file": "test-ui-visibility.js",
      "path": "D:\\project1\\expense-tracker\\src\\tests\\archive\\test-ui-visibility.js",
      "duration": 159,
      "code": 1,
      "stdout": "",
      "stderr": "file:///D:/project1/expense-tracker/src/tests/archive/test-ui-visibility.js:1\r\nimport { describe, test, expect } from '@jest/globals';\r\n         ^^^^^^^^\r\nSyntaxError: Named export 'describe' not found. The requested module '@jest/globals' is a CommonJS module, which may not support all module.exports as named exports.\r\nCommonJS modules can always be imported via the default export, for example using:\r\n\r\nimport pkg from '@jest/globals';\r\nconst { describe, test, expect } = pkg;\r\n\r\n\u001b[90m    at ModuleJob._instantiate (node:internal/modules/esm/module_job:180:21)\u001b[39m\r\n\u001b[90m    at async ModuleJob.run (node:internal/modules/esm/module_job:263:5)\u001b[39m\r\n\u001b[90m    at async onImport.tracePromise.__proto__ (node:internal/modules/esm/loader:578:26)\u001b[39m\r\n\u001b[90m    at async asyncRunEntryPointWithESMLoader (node:internal/modules/run_main:116:5)\u001b[39m\r\n\r\nNode.js v22.14.0\r\n",
      "passed": false,
      "timedOut": false,
      "error": "Exit code: 1"
    },
    {
      "file": "test-unified-fixes.js",
      "path": "D:\\project1\\expense-tracker\\src\\tests\\archive\\test-unified-fixes.js",
      "duration": 119,
      "code": 1,
      "stdout": "",
      "stderr": "file:///D:/project1/expense-tracker/src/tests/archive/test-unified-fixes.js:1\r\nimport { describe, test, expect } from '@jest/globals';\r\n         ^^^^^^^^\r\nSyntaxError: Named export 'describe' not found. The requested module '@jest/globals' is a CommonJS module, which may not support all module.exports as named exports.\r\nCommonJS modules can always be imported via the default export, for example using:\r\n\r\nimport pkg from '@jest/globals';\r\nconst { describe, test, expect } = pkg;\r\n\r\n\u001b[90m    at ModuleJob._instantiate (node:internal/modules/esm/module_job:180:21)\u001b[39m\r\n\u001b[90m    at async ModuleJob.run (node:internal/modules/esm/module_job:263:5)\u001b[39m\r\n\u001b[90m    at async onImport.tracePromise.__proto__ (node:internal/modules/esm/loader:578:26)\u001b[39m\r\n\u001b[90m    at async asyncRunEntryPointWithESMLoader (node:internal/modules/run_main:116:5)\u001b[39m\r\n\r\nNode.js v22.14.0\r\n",
      "passed": false,
      "timedOut": false,
      "error": "Exit code: 1"
    },
    {
      "file": "test-validation.js",
      "path": "D:\\project1\\expense-tracker\\src\\tests\\archive\\test-validation.js",
      "duration": 115,
      "code": 1,
      "stdout": "",
      "stderr": "file:///D:/project1/expense-tracker/src/tests/archive/test-validation.js:195\r\nimport { describe, test, expect } from '@jest/globals';\r\n         ^^^^^^^^\r\nSyntaxError: Named export 'describe' not found. The requested module '@jest/globals' is a CommonJS module, which may not support all module.exports as named exports.\r\nCommonJS modules can always be imported via the default export, for example using:\r\n\r\nimport pkg from '@jest/globals';\r\nconst { describe, test, expect } = pkg;\r\n\r\n\u001b[90m    at ModuleJob._instantiate (node:internal/modules/esm/module_job:180:21)\u001b[39m\r\n\u001b[90m    at async ModuleJob.run (node:internal/modules/esm/module_job:263:5)\u001b[39m\r\n\u001b[90m    at async onImport.tracePromise.__proto__ (node:internal/modules/esm/loader:578:26)\u001b[39m\r\n\u001b[90m    at async asyncRunEntryPointWithESMLoader (node:internal/modules/run_main:116:5)\u001b[39m\r\n\r\nNode.js v22.14.0\r\n",
      "passed": false,
      "timedOut": false,
      "error": "Exit code: 1"
    }
  ]
}